Arguments: 
  /Users/reaper/.nvm/versions/node/v16.18.1/bin/node /Users/reaper/.nvm/versions/node/v16.18.1/bin/yarn init

PATH: 
  /Users/reaper/.nimble/bin:/Users/reaper/.deno/bin:/Users/reaper/.local/bin:/Users/reaper/.rbenv/shims:/Users/reaper/.rbenv/bin:/Users/reaper/.nvm/versions/node/v16.18.1/bin:/opt/homebrew/bin:/opt/homebrew/sbin:/usr/local/bin:/System/Cryptexes/App/usr/bin:/usr/bin:/bin:/usr/sbin:/sbin:/Library/Apple/usr/bin:/Users/reaper/Library/Android/sdk/tools:/Users/reaper/Library/Android/sdk/platform-tools:/Users/reaper/go/bin:/Users/reaper/Library/Python/3.10/bin

Yarn version: 
  1.22.19

Node version: 
  16.18.1

Platform: 
  darwin arm64

Trace: 
  SyntaxError: /Users/reaper/lab/tillwhen-moduler/common/package.json: Unexpected end of JSON input
      at JSON.parse (<anonymous>)
      at /Users/reaper/.nvm/versions/node/v16.18.1/lib/node_modules/yarn/lib/cli.js:1629:59
      at Generator.next (<anonymous>)
      at step (/Users/reaper/.nvm/versions/node/v16.18.1/lib/node_modules/yarn/lib/cli.js:310:30)
      at /Users/reaper/.nvm/versions/node/v16.18.1/lib/node_modules/yarn/lib/cli.js:321:13

npm manifest: 
  

yarn manifest: 
  No manifest

Lockfile: 
  No lockfile
